{"/Users/owolabisherif/Project/vue/jobba/src/components/NavBar.vue": {"path":"/Users/owolabisherif/Project/vue/jobba/src/components/NavBar.vue","statementMap":{"0":{"start":{"line":7,"column":19},"end":{"line":7,"column":null}},"1":{"start":{"line":8,"column":22},"end":{"line":8,"column":null}},"2":{"start":{"line":10,"column":15},"end":{"line":10,"column":null}},"3":{"start":{"line":12,"column":15},"end":{"line":19,"column":null}},"4":{"start":{"line":13,"column":14},"end":{"line":13,"column":null}},"5":{"start":{"line":15,"column":2},"end":{"line":18,"column":null}},"6":{"start":{"line":16,"column":4},"end":{"line":16,"column":null}},"7":{"start":{"line":17,"column":4},"end":{"line":17,"column":null}},"8":{"start":{"line":23,"column":7},"end":{"line":23,"column":null}},"9":{"start":{"line":24,"column":9},"end":{"line":24,"column":null}},"10":{"start":{"line":42,"column":12},"end":{"line":42,"column":null}},"11":{"start":{"line":43,"column":14},"end":{"line":43,"column":null}},"12":{"start":{"line":46,"column":14},"end":{"line":46,"column":null}},"13":{"start":{"line":44,"column":64},"end":{"line":44,"column":78}},"14":{"start":{"line":48,"column":19},"end":{"line":48,"column":null}},"15":{"start":{"line":53,"column":25},"end":{"line":53,"column":null}},"16":{"start":{"line":58,"column":20},"end":{"line":58,"column":null}}},"fnMap":{"0":{"name":"(anonymous_1)","decl":{"start":{"line":12,"column":15},"end":{"line":12,"column":27}},"loc":{"start":{"line":12,"column":27},"end":{"line":19,"column":null}}},"1":{"name":"(anonymous_4)","decl":{"start":{"line":44,"column":60},"end":{"line":44,"column":64}},"loc":{"start":{"line":44,"column":64},"end":{"line":44,"column":78}}},"2":{"name":"(anonymous_5)","decl":{"start":{"line":48,"column":15},"end":{"line":48,"column":19}},"loc":{"start":{"line":48,"column":19},"end":{"line":48,"column":null}}},"3":{"name":"(anonymous_6)","decl":{"start":{"line":53,"column":15},"end":{"line":53,"column":25}},"loc":{"start":{"line":53,"column":25},"end":{"line":53,"column":null}}},"4":{"name":"(anonymous_7)","decl":{"start":{"line":58,"column":15},"end":{"line":58,"column":20}},"loc":{"start":{"line":58,"column":20},"end":{"line":58,"column":null}}}},"branchMap":{"0":{"loc":{"start":{"line":15,"column":2},"end":{"line":18,"column":null}},"type":"if","locations":[{"start":{"line":15,"column":2},"end":{"line":18,"column":null}},{"start":{"line":15,"column":2},"end":{"line":18,"column":null}}]},"1":{"loc":{"start":{"line":61,"column":37},"end":{"line":64,"column":21}},"type":"cond-expr","locations":[{"start":{"line":61,"column":37},"end":{"line":64,"column":21}},{"start":{"line":64,"column":12},"end":{"line":64,"column":21}}]}},"s":{"0":2,"1":2,"2":2,"3":2,"4":0,"5":0,"6":0,"7":0,"8":1,"9":1,"10":1,"11":1,"12":1,"13":2,"14":2,"15":0,"16":2},"f":{"0":0,"1":2,"2":2,"3":0,"4":2},"b":{"0":[0,0],"1":[0,2]}}
,"/Users/owolabisherif/Project/vue/jobba/src/composables/getJobs.js": {"path":"/Users/owolabisherif/Project/vue/jobba/src/composables/getJobs.js","statementMap":{"0":{"start":{"line":3,"column":16},"end":{"line":14,"column":1}},"1":{"start":{"line":5,"column":4},"end":{"line":13,"column":5}},"2":{"start":{"line":6,"column":21},"end":{"line":6,"column":56}},"3":{"start":{"line":8,"column":8},"end":{"line":8,"column":19}},"4":{"start":{"line":10,"column":8},"end":{"line":10,"column":32}},"5":{"start":{"line":12,"column":8},"end":{"line":12,"column":21}}},"fnMap":{"0":{"name":"(anonymous_0)","decl":{"start":{"line":3,"column":16},"end":{"line":3,"column":21}},"loc":{"start":{"line":3,"column":50},"end":{"line":14,"column":1}}}},"branchMap":{"0":{"loc":{"start":{"line":3,"column":23},"end":{"line":3,"column":31}},"type":"default-arg","locations":[{"start":{"line":3,"column":30},"end":{"line":3,"column":31}}]},"1":{"loc":{"start":{"line":3,"column":33},"end":{"line":3,"column":45}},"type":"default-arg","locations":[{"start":{"line":3,"column":41},"end":{"line":3,"column":45}}]}},"s":{"0":1,"1":1,"2":1,"3":1,"4":0,"5":0},"f":{"0":1},"b":{"0":[0],"1":[0]}}
,"/Users/owolabisherif/Project/vue/jobba/src/composables/handleLogout.js": {"path":"/Users/owolabisherif/Project/vue/jobba/src/composables/handleLogout.js","statementMap":{"0":{"start":{"line":3,"column":21},"end":{"line":23,"column":1}},"1":{"start":{"line":5,"column":4},"end":{"line":22,"column":5}},"2":{"start":{"line":7,"column":22},"end":{"line":7,"column":63}},"3":{"start":{"line":9,"column":20},"end":{"line":9,"column":108}},"4":{"start":{"line":11,"column":34},"end":{"line":11,"column":42}},"5":{"start":{"line":13,"column":8},"end":{"line":15,"column":9}},"6":{"start":{"line":14,"column":12},"end":{"line":14,"column":44}},"7":{"start":{"line":17,"column":8},"end":{"line":17,"column":23}},"8":{"start":{"line":20,"column":8},"end":{"line":20,"column":29}},"9":{"start":{"line":21,"column":8},"end":{"line":21,"column":20}}},"fnMap":{"0":{"name":"(anonymous_0)","decl":{"start":{"line":3,"column":21},"end":{"line":3,"column":26}},"loc":{"start":{"line":3,"column":40},"end":{"line":23,"column":1}}}},"branchMap":{"0":{"loc":{"start":{"line":13,"column":8},"end":{"line":15,"column":9}},"type":"if","locations":[{"start":{"line":13,"column":8},"end":{"line":15,"column":9}},{"start":{"line":13,"column":8},"end":{"line":15,"column":9}}]}},"s":{"0":1,"1":0,"2":0,"3":0,"4":0,"5":0,"6":0,"7":0,"8":0,"9":0},"f":{"0":0},"b":{"0":[0,0]}}
,"/Users/owolabisherif/Project/vue/jobba/src/composables/http.js": {"path":"/Users/owolabisherif/Project/vue/jobba/src/composables/http.js","statementMap":{"0":{"start":{"line":3,"column":13},"end":{"line":9,"column":2}}},"fnMap":{},"branchMap":{},"s":{"0":2},"f":{},"b":{}}
,"/Users/owolabisherif/Project/vue/jobba/src/store/useLoginStore.js": {"path":"/Users/owolabisherif/Project/vue/jobba/src/store/useLoginStore.js","statementMap":{"0":{"start":{"line":5,"column":29},"end":{"line":20,"column":null}},"1":{"start":{"line":6,"column":22},"end":{"line":6,"column":32}},"2":{"start":{"line":7,"column":18},"end":{"line":7,"column":25}},"3":{"start":{"line":10,"column":8},"end":{"line":10,"column":41}},"4":{"start":{"line":11,"column":8},"end":{"line":11,"column":36}},"5":{"start":{"line":13,"column":8},"end":{"line":13,"column":35}},"6":{"start":{"line":15,"column":8},"end":{"line":15,"column":69}},"7":{"start":{"line":19,"column":4},"end":{"line":19,"column":42}}},"fnMap":{"0":{"name":"(anonymous_0)","decl":{"start":{"line":5,"column":50},"end":{"line":5,"column":51}},"loc":{"start":{"line":5,"column":56},"end":{"line":20,"column":1}}},"1":{"name":"handleLogIn","decl":{"start":{"line":9,"column":13},"end":{"line":9,"column":24}},"loc":{"start":{"line":9,"column":34},"end":{"line":16,"column":5}}}},"branchMap":{},"s":{"0":1,"1":2,"2":2,"3":0,"4":0,"5":0,"6":0,"7":2},"f":{"0":2,"1":0},"b":{}}
}
